<?xml version="1.0" encoding="UTF-8"?>
<!-- Generated by org.testng.reporters.JUnitReportReporter -->
<testsuite skipped="0" hostname="Unknown.gateway" name="com.ebay.tests.SearchTest" tests="1" failures="0" timestamp="28 Aug 2018 14:50:34 GMT" time="33.709" errors="0">
  <testcase name="searchValidPerson" time="33.709" classname="com.ebay.tests.SearchTest"/>
</testsuite> <!-- com.ebay.tests.SearchTest -->
