<?xml version="1.0" encoding="UTF-8"?>
<!-- Generated by org.testng.reporters.JUnitReportReporter -->
<testsuite skipped="0" hostname="UNKNOWN.gateway" name="com.ebay.tests.CheckoutTest" tests="2" failures="0" timestamp="29 Aug 2018 04:09:01 GMT" time="261.234" errors="0">
  <testcase name="searchValidPerson" time="123.481" classname="com.ebay.tests.CheckoutTest"/>
  <testcase name="searchValidPerson" time="137.753" classname="com.ebay.tests.CheckoutTest"/>
</testsuite> <!-- com.ebay.tests.CheckoutTest -->
