<?xml version="1.0" encoding="UTF-8"?>
<!-- Generated by org.testng.reporters.JUnitReportReporter -->
<testsuite skipped="0" hostname="UNKNOWN.gateway" name="com.ebay.tests.CheckoutTest" tests="2" failures="0" timestamp="29 Aug 2018 05:45:01 GMT" time="256.693" errors="0">
  <testcase name="searchValidPerson" time="153.887" classname="com.ebay.tests.CheckoutTest"/>
  <testcase name="searchValidPerson" time="102.806" classname="com.ebay.tests.CheckoutTest"/>
</testsuite> <!-- com.ebay.tests.CheckoutTest -->
